[01m[K/home1/rs_ws/src/rs_to_velodyne/src/rs_to_velodyne.cpp:31:22:[m[K [01;35m[Kwarning: [m[Kextra ‘[01m[K;[m[K’ [[01;35m[K-Wpedantic[m[K]
   31 |     PCL_ADD_INTENSITY[01;35m[K;[m[K
      |                      [01;35m[K^[m[K
      |                      [31m[K-[m[K
[01m[K/home1/rs_ws/src/rs_to_velodyne/src/rs_to_velodyne.cpp:45:22:[m[K [01;35m[Kwarning: [m[Kextra ‘[01m[K;[m[K’ [[01;35m[K-Wpedantic[m[K]
   45 |     PCL_ADD_INTENSITY[01;35m[K;[m[K
      |                      [01;35m[K^[m[K
      |                      [31m[K-[m[K
[01m[K/home1/rs_ws/src/rs_to_velodyne/src/rs_to_velodyne.cpp:60:22:[m[K [01;35m[Kwarning: [m[Kextra ‘[01m[K;[m[K’ [[01;35m[K-Wpedantic[m[K]
   60 |     PCL_ADD_INTENSITY[01;35m[K;[m[K
      |                      [01;35m[K^[m[K
      |                      [31m[K-[m[K
[01m[K/home1/rs_ws/src/rs_to_velodyne/src/rs_to_velodyne.cpp:[m[K In function ‘[01m[Kvoid rsHandler_XYZI(sensor_msgs::msg::PointCloud2)[m[K’:
[01m[K/home1/rs_ws/src/rs_to_velodyne/src/rs_to_velodyne.cpp:107:37:[m[K [01;35m[Kwarning: [m[Kcomparison of integer expressions of different signedness: ‘[01m[Kint[m[K’ and ‘[01m[Kstd::vector<pcl::PointXYZI, Eigen::aligned_allocator<pcl::PointXYZI> >::size_type[m[K’ {aka ‘[01m[Klong unsigned int[m[K’} [[01;35m[K-Wsign-compare[m[K]
  107 |     for (int point_id = 0; [01;35m[Kpoint_id < pc->points.size()[m[K; ++point_id) {
      |                            [01;35m[K~~~~~~~~~^~~~~~~~~~~~~~~~~~~[m[K
/home1/rs_ws/src/rs_to_velodyne/src/rs_to_velodyne.cpp: In instantiation of ‘[01m[Kbool has_nan(T) [with T = pcl::PointXYZI][m[K’:
[01m[K/home1/rs_ws/src/rs_to_velodyne/src/rs_to_velodyne.cpp:108:20:[m[K   required from here
[01m[K/home1/rs_ws/src/rs_to_velodyne/src/rs_to_velodyne.cpp:81:18:[m[K [01;31m[Kerror: [m[K‘[01m[Kpcl_isnan[m[K’ was not declared in this scope
   81 |     if ([01;31m[Kpcl_isnan(point.x)[m[K || pcl_isnan(point.y) || pcl_isnan(point.z)) {
      |         [01;31m[K~~~~~~~~~^~~~~~~~~[m[K
[01m[K/home1/rs_ws/src/rs_to_velodyne/src/rs_to_velodyne.cpp:81:40:[m[K [01;31m[Kerror: [m[K‘[01m[Kpcl_isnan[m[K’ was not declared in this scope, and no declarations were found by argument-dependent lookup at the point of instantiation [[01;31m[K-fpermissive[m[K]
   81 |     if (pcl_isnan(point.x) || [01;31m[Kpcl_isnan(point.y)[m[K || pcl_isnan(point.z)) {
      |                               [01;31m[K~~~~~~~~~^~~~~~~~~[m[K
[01m[K/home1/rs_ws/src/rs_to_velodyne/src/rs_to_velodyne.cpp:81:62:[m[K [01;31m[Kerror: [m[K‘[01m[Kpcl_isnan[m[K’ was not declared in this scope, and no declarations were found by argument-dependent lookup at the point of instantiation [[01;31m[K-fpermissive[m[K]
   81 |     if (pcl_isnan(point.x) || pcl_isnan(point.y) || [01;31m[Kpcl_isnan(point.z)[m[K) {
      |                                                     [01;31m[K~~~~~~~~~^~~~~~~~~[m[K
/home1/rs_ws/src/rs_to_velodyne/src/rs_to_velodyne.cpp: In instantiation of ‘[01m[Kvoid handle_pc_msg(const typename pcl::PointCloud<PointT>::Ptr&, const typename pcl::PointCloud<PointOutT>::Ptr&) [with T_in_p = RsPointXYZIRT; T_out_p = VelodynePointXYZIRT; typename pcl::PointCloud<PointT>::Ptr = std::shared_ptr<pcl::PointCloud<RsPointXYZIRT> >; typename pcl::PointCloud<PointOutT>::Ptr = std::shared_ptr<pcl::PointCloud<VelodynePointXYZIRT> >][m[K’:
[01m[K/home1/rs_ws/src/rs_to_velodyne/src/rs_to_velodyne.cpp:182:58:[m[K   required from here
[01m[K/home1/rs_ws/src/rs_to_velodyne/src/rs_to_velodyne.cpp:134:37:[m[K [01;35m[Kwarning: [m[Kcomparison of integer expressions of different signedness: ‘[01m[Kint[m[K’ and ‘[01m[Kstd::vector<RsPointXYZIRT, Eigen::aligned_allocator<RsPointXYZIRT> >::size_type[m[K’ {aka ‘[01m[Klong unsigned int[m[K’} [[01;35m[K-Wsign-compare[m[K]
  134 |     for (int point_id = 0; [01;35m[Kpoint_id < pc_in->points.size()[m[K; ++point_id) {
      |                            [01;35m[K~~~~~~~~~^~~~~~~~~~~~~~~~~~~~~~[m[K
/home1/rs_ws/src/rs_to_velodyne/src/rs_to_velodyne.cpp: In instantiation of ‘[01m[Kvoid add_ring(const typename pcl::PointCloud<PointT>::Ptr&, const typename pcl::PointCloud<PointOutT>::Ptr&) [with T_in_p = RsPointXYZIRT; T_out_p = VelodynePointXYZIRT; typename pcl::PointCloud<PointT>::Ptr = std::shared_ptr<pcl::PointCloud<RsPointXYZIRT> >; typename pcl::PointCloud<PointOutT>::Ptr = std::shared_ptr<pcl::PointCloud<VelodynePointXYZIRT> >][m[K’:
[01m[K/home1/rs_ws/src/rs_to_velodyne/src/rs_to_velodyne.cpp:183:53:[m[K   required from here
[01m[K/home1/rs_ws/src/rs_to_velodyne/src/rs_to_velodyne.cpp:155:37:[m[K [01;35m[Kwarning: [m[Kcomparison of integer expressions of different signedness: ‘[01m[Kint[m[K’ and ‘[01m[Kstd::vector<RsPointXYZIRT, Eigen::aligned_allocator<RsPointXYZIRT> >::size_type[m[K’ {aka ‘[01m[Klong unsigned int[m[K’} [[01;35m[K-Wsign-compare[m[K]
  155 |     for (int point_id = 0; [01;35m[Kpoint_id < pc_in->points.size()[m[K; ++point_id) {
      |                            [01;35m[K~~~~~~~~~^~~~~~~~~~~~~~~~~~~~~~[m[K
/home1/rs_ws/src/rs_to_velodyne/src/rs_to_velodyne.cpp: In instantiation of ‘[01m[Kvoid add_time(const typename pcl::PointCloud<PointT>::Ptr&, const typename pcl::PointCloud<PointOutT>::Ptr&) [with T_in_p = RsPointXYZIRT; T_out_p = VelodynePointXYZIRT; typename pcl::PointCloud<PointT>::Ptr = std::shared_ptr<pcl::PointCloud<RsPointXYZIRT> >; typename pcl::PointCloud<PointOutT>::Ptr = std::shared_ptr<pcl::PointCloud<VelodynePointXYZIRT> >][m[K’:
[01m[K/home1/rs_ws/src/rs_to_velodyne/src/rs_to_velodyne.cpp:184:53:[m[K   required from here
[01m[K/home1/rs_ws/src/rs_to_velodyne/src/rs_to_velodyne.cpp:168:37:[m[K [01;35m[Kwarning: [m[Kcomparison of integer expressions of different signedness: ‘[01m[Kint[m[K’ and ‘[01m[Kstd::vector<RsPointXYZIRT, Eigen::aligned_allocator<RsPointXYZIRT> >::size_type[m[K’ {aka ‘[01m[Klong unsigned int[m[K’} [[01;35m[K-Wsign-compare[m[K]
  168 |     for (int point_id = 0; [01;35m[Kpoint_id < pc_in->points.size()[m[K; ++point_id) {
      |                            [01;35m[K~~~~~~~~~^~~~~~~~~~~~~~~~~~~~~~[m[K
/home1/rs_ws/src/rs_to_velodyne/src/rs_to_velodyne.cpp: In instantiation of ‘[01m[Kvoid handle_pc_msg(const typename pcl::PointCloud<PointT>::Ptr&, const typename pcl::PointCloud<PointOutT>::Ptr&) [with T_in_p = RsPointXYZIRT; T_out_p = VelodynePointXYZIR; typename pcl::PointCloud<PointT>::Ptr = std::shared_ptr<pcl::PointCloud<RsPointXYZIRT> >; typename pcl::PointCloud<PointOutT>::Ptr = std::shared_ptr<pcl::PointCloud<VelodynePointXYZIR> >][m[K’:
[01m[K/home1/rs_ws/src/rs_to_velodyne/src/rs_to_velodyne.cpp:188:57:[m[K   required from here
[01m[K/home1/rs_ws/src/rs_to_velodyne/src/rs_to_velodyne.cpp:134:37:[m[K [01;35m[Kwarning: [m[Kcomparison of integer expressions of different signedness: ‘[01m[Kint[m[K’ and ‘[01m[Kstd::vector<RsPointXYZIRT, Eigen::aligned_allocator<RsPointXYZIRT> >::size_type[m[K’ {aka ‘[01m[Klong unsigned int[m[K’} [[01;35m[K-Wsign-compare[m[K]
  134 |     for (int point_id = 0; [01;35m[Kpoint_id < pc_in->points.size()[m[K; ++point_id) {
      |                            [01;35m[K~~~~~~~~~^~~~~~~~~~~~~~~~~~~~~~[m[K
/home1/rs_ws/src/rs_to_velodyne/src/rs_to_velodyne.cpp: In instantiation of ‘[01m[Kvoid add_ring(const typename pcl::PointCloud<PointT>::Ptr&, const typename pcl::PointCloud<PointOutT>::Ptr&) [with T_in_p = RsPointXYZIRT; T_out_p = VelodynePointXYZIR; typename pcl::PointCloud<PointT>::Ptr = std::shared_ptr<pcl::PointCloud<RsPointXYZIRT> >; typename pcl::PointCloud<PointOutT>::Ptr = std::shared_ptr<pcl::PointCloud<VelodynePointXYZIR> >][m[K’:
[01m[K/home1/rs_ws/src/rs_to_velodyne/src/rs_to_velodyne.cpp:189:52:[m[K   required from here
[01m[K/home1/rs_ws/src/rs_to_velodyne/src/rs_to_velodyne.cpp:155:37:[m[K [01;35m[Kwarning: [m[Kcomparison of integer expressions of different signedness: ‘[01m[Kint[m[K’ and ‘[01m[Kstd::vector<RsPointXYZIRT, Eigen::aligned_allocator<RsPointXYZIRT> >::size_type[m[K’ {aka ‘[01m[Klong unsigned int[m[K’} [[01;35m[K-Wsign-compare[m[K]
  155 |     for (int point_id = 0; [01;35m[Kpoint_id < pc_in->points.size()[m[K; ++point_id) {
      |                            [01;35m[K~~~~~~~~~^~~~~~~~~~~~~~~~~~~~~~[m[K
/home1/rs_ws/src/rs_to_velodyne/src/rs_to_velodyne.cpp: In instantiation of ‘[01m[Kvoid handle_pc_msg(const typename pcl::PointCloud<PointT>::Ptr&, const typename pcl::PointCloud<PointOutT>::Ptr&) [with T_in_p = RsPointXYZIRT; T_out_p = pcl::PointXYZI; typename pcl::PointCloud<PointT>::Ptr = std::shared_ptr<pcl::PointCloud<RsPointXYZIRT> >; typename pcl::PointCloud<PointOutT>::Ptr = std::shared_ptr<pcl::PointCloud<pcl::PointXYZI> >][m[K’:
[01m[K/home1/rs_ws/src/rs_to_velodyne/src/rs_to_velodyne.cpp:193:53:[m[K   required from here
[01m[K/home1/rs_ws/src/rs_to_velodyne/src/rs_to_velodyne.cpp:134:37:[m[K [01;35m[Kwarning: [m[Kcomparison of integer expressions of different signedness: ‘[01m[Kint[m[K’ and ‘[01m[Kstd::vector<RsPointXYZIRT, Eigen::aligned_allocator<RsPointXYZIRT> >::size_type[m[K’ {aka ‘[01m[Klong unsigned int[m[K’} [[01;35m[K-Wsign-compare[m[K]
  134 |     for (int point_id = 0; [01;35m[Kpoint_id < pc_in->points.size()[m[K; ++point_id) {
      |                            [01;35m[K~~~~~~~~~^~~~~~~~~~~~~~~~~~~~~~[m[K
/home1/rs_ws/src/rs_to_velodyne/src/rs_to_velodyne.cpp: In instantiation of ‘[01m[Kbool has_nan(T) [with T = RsPointXYZIRT][m[K’:
[01m[K/home1/rs_ws/src/rs_to_velodyne/src/rs_to_velodyne.cpp:135:20:[m[K   required from ‘[01m[Kvoid handle_pc_msg(const typename pcl::PointCloud<PointT>::Ptr&, const typename pcl::PointCloud<PointOutT>::Ptr&) [with T_in_p = RsPointXYZIRT; T_out_p = VelodynePointXYZIRT; typename pcl::PointCloud<PointT>::Ptr = std::shared_ptr<pcl::PointCloud<RsPointXYZIRT> >; typename pcl::PointCloud<PointOutT>::Ptr = std::shared_ptr<pcl::PointCloud<VelodynePointXYZIRT> >][m[K’
[01m[K/home1/rs_ws/src/rs_to_velodyne/src/rs_to_velodyne.cpp:182:58:[m[K   required from here
[01m[K/home1/rs_ws/src/rs_to_velodyne/src/rs_to_velodyne.cpp:81:18:[m[K [01;31m[Kerror: [m[K‘[01m[Kpcl_isnan[m[K’ was not declared in this scope
   81 |     if ([01;31m[Kpcl_isnan(point.x)[m[K || pcl_isnan(point.y) || pcl_isnan(point.z)) {
      |         [01;31m[K~~~~~~~~~^~~~~~~~~[m[K
[01m[K/home1/rs_ws/src/rs_to_velodyne/src/rs_to_velodyne.cpp:81:40:[m[K [01;31m[Kerror: [m[K‘[01m[Kpcl_isnan[m[K’ was not declared in this scope, and no declarations were found by argument-dependent lookup at the point of instantiation [[01;31m[K-fpermissive[m[K]
   81 |     if (pcl_isnan(point.x) || [01;31m[Kpcl_isnan(point.y)[m[K || pcl_isnan(point.z)) {
      |                               [01;31m[K~~~~~~~~~^~~~~~~~~[m[K
[01m[K/home1/rs_ws/src/rs_to_velodyne/src/rs_to_velodyne.cpp:81:62:[m[K [01;31m[Kerror: [m[K‘[01m[Kpcl_isnan[m[K’ was not declared in this scope, and no declarations were found by argument-dependent lookup at the point of instantiation [[01;31m[K-fpermissive[m[K]
   81 |     if (pcl_isnan(point.x) || pcl_isnan(point.y) || [01;31m[Kpcl_isnan(point.z)[m[K) {
      |                                                     [01;31m[K~~~~~~~~~^~~~~~~~~[m[K
[01m[K/home1/rs_ws/src/rs_to_velodyne/src/rs_to_velodyne.cpp:[m[K In function ‘[01m[Kbool has_nan(T) [with T = pcl::PointXYZI][m[K’:
[01m[K/home1/rs_ws/src/rs_to_velodyne/src/rs_to_velodyne.cpp:86:1:[m[K [01;35m[Kwarning: [m[Kcontrol reaches end of non-void function [[01;35m[K-Wreturn-type[m[K]
   86 | [01;35m[K}[m[K
      | [01;35m[K^[m[K
[01m[K/home1/rs_ws/src/rs_to_velodyne/src/rs_to_velodyne.cpp:[m[K In function ‘[01m[Kbool has_nan(T) [with T = RsPointXYZIRT][m[K’:
[01m[K/home1/rs_ws/src/rs_to_velodyne/src/rs_to_velodyne.cpp:86:1:[m[K [01;35m[Kwarning: [m[Kcontrol reaches end of non-void function [[01;35m[K-Wreturn-type[m[K]
   86 | [01;35m[K}[m[K
      | [01;35m[K^[m[K
gmake[2]: *** [CMakeFiles/rs_to_velodyne.dir/build.make:76：CMakeFiles/rs_to_velodyne.dir/src/rs_to_velodyne.cpp.o] 错误 1
gmake[1]: *** [CMakeFiles/Makefile2:137：CMakeFiles/rs_to_velodyne.dir/all] 错误 2
gmake: *** [Makefile:146：all] 错误 2
