[0.019s] Invoking command in '/home1/rs_ws/src/rs_to_velodyne/build/rs_to_velodyne': CMAKE_PREFIX_PATH=/opt/ros/humble /usr/bin/cmake /home1/rs_ws/src/rs_to_velodyne -DCMAKE_INSTALL_PREFIX=/home1/rs_ws/src/rs_to_velodyne/install/rs_to_velodyne
[0.143s] -- The C compiler identification is GNU 11.4.0
[0.275s] -- The CXX compiler identification is GNU 11.4.0
[0.294s] -- Detecting C compiler ABI info
[0.414s] -- Detecting C compiler ABI info - done
[0.425s] -- Check for working C compiler: /usr/lib/ccache/gcc - skipped
[0.426s] -- Detecting C compile features
[0.427s] -- Detecting C compile features - done
[0.434s] -- Detecting CXX compiler ABI info
[0.556s] -- Detecting CXX compiler ABI info - done
[0.577s] -- Check for working CXX compiler: /usr/lib/ccache/g++ - skipped
[0.578s] -- Detecting CXX compile features
[0.580s] -- Detecting CXX compile features - done
[0.587s] -- Found ament_cmake: 1.3.11 (/opt/ros/humble/share/ament_cmake/cmake)
[1.264s] -- Found Python3: /usr/bin/python3 (found version "3.10.12") found components: Interpreter 
[1.456s] -- Found rclcpp: 16.0.12 (/opt/ros/humble/share/rclcpp/cmake)
[1.547s] -- Found rosidl_generator_c: 3.1.6 (/opt/ros/humble/share/rosidl_generator_c/cmake)
[1.555s] -- Found rosidl_adapter: 3.1.6 (/opt/ros/humble/share/rosidl_adapter/cmake)
[1.569s] -- Found rosidl_generator_cpp: 3.1.6 (/opt/ros/humble/share/rosidl_generator_cpp/cmake)
[1.589s] -- Using all available rosidl_typesupport_c: rosidl_typesupport_fastrtps_c;rosidl_typesupport_introspection_c
[1.611s] -- Using all available rosidl_typesupport_cpp: rosidl_typesupport_fastrtps_cpp;rosidl_typesupport_introspection_cpp
[1.666s] -- Found rmw_implementation_cmake: 6.1.2 (/opt/ros/humble/share/rmw_implementation_cmake/cmake)
[1.669s] -- Found rmw_fastrtps_cpp: 6.2.7 (/opt/ros/humble/share/rmw_fastrtps_cpp/cmake)
[1.806s] -- Found OpenSSL: /usr/lib/aarch64-linux-gnu/libcrypto.so (found version "3.0.2")  
[1.858s] -- Found FastRTPS: /opt/ros/humble/include  
[1.923s] -- Using RMW implementation 'rmw_fastrtps_cpp' as default
[1.938s] -- Looking for pthread.h
[2.099s] -- Looking for pthread.h - found
[2.099s] -- Performing Test CMAKE_HAVE_LIBC_PTHREAD
[2.269s] -- Performing Test CMAKE_HAVE_LIBC_PTHREAD - Success
[2.273s] -- Found Threads: TRUE  
[2.374s] -- Found sensor_msgs: 4.8.0 (/opt/ros/humble/share/sensor_msgs/cmake)
[2.416s] -- Found message_filters: 4.3.7 (/opt/ros/humble/share/message_filters/cmake)
[2.421s] -- Found pcl_conversions: 2.4.5 (/opt/ros/humble/share/pcl_conversions/cmake)
[2.474s] -- Checking for module 'eigen3'
[2.496s] --   Found eigen3, version 3.4.0
[2.552s] -- Found Eigen: /usr/include/eigen3 (Required is at least version "3.1") 
[2.552s] -- Eigen found (include: /usr/include/eigen3, version: 3.4.0)
[2.621s] -- Checking for module 'flann'
[2.645s] --   Found flann, version 1.9.1
[2.721s] -- Found FLANN: /usr/lib/aarch64-linux-gnu/libflann_cpp.so  
[2.721s] -- FLANN found (include: /usr/include, lib: /usr/lib/aarch64-linux-gnu/libflann_cpp.so)
[4.406s] -- Checking for module 'libusb-1.0'
[4.434s] --   Found libusb-1.0, version 1.0.25
[4.501s] -- Found libusb: /usr/lib/aarch64-linux-gnu/libusb-1.0.so  
[4.504s] -- OpenNI found (version: 1.5.4.0, include: /usr/include/ni, lib: /usr/lib/libOpenNI.so;libusb::libusb)
[4.609s] -- OpenNI2 found (version: 2.2.0.33, include: /usr/include/openni2, lib: /usr/lib/aarch64-linux-gnu/libOpenNI2.so;libusb::libusb)
[4.838s] -- Eigen found (include: /usr/include/eigen3, version: 3.4.0)
[4.847s] -- OpenNI found (version: 1.5.4.0, include: /usr/include/ni, lib: /usr/lib/libOpenNI.so;libusb::libusb)
[4.858s] -- OpenNI2 found (version: 2.2.0.33, include: /usr/include/openni2, lib: /usr/lib/aarch64-linux-gnu/libOpenNI2.so;libusb::libusb)
[5.062s] -- Found Qhull version 8.0.2
[5.278s] -- OpenNI found (version: 1.5.4.0, include: /usr/include/ni, lib: /usr/lib/libOpenNI.so;libusb::libusb)
[5.479s] -- Found PCL_COMMON: /usr/lib/aarch64-linux-gnu/libpcl_common.so  
[5.480s] -- Found PCL_KDTREE: /usr/lib/aarch64-linux-gnu/libpcl_kdtree.so  
[5.481s] -- Found PCL_OCTREE: /usr/lib/aarch64-linux-gnu/libpcl_octree.so  
[5.482s] -- Found PCL_SEARCH: /usr/lib/aarch64-linux-gnu/libpcl_search.so  
[5.484s] -- Found PCL_SAMPLE_CONSENSUS: /usr/lib/aarch64-linux-gnu/libpcl_sample_consensus.so  
[5.485s] -- Found PCL_FILTERS: /usr/lib/aarch64-linux-gnu/libpcl_filters.so  
[5.486s] -- Found PCL_2D: /usr/include/pcl-1.12  
[5.486s] -- Found PCL_GEOMETRY: /usr/include/pcl-1.12  
[5.487s] -- Found PCL_IO: /usr/lib/aarch64-linux-gnu/libpcl_io.so  
[5.489s] -- Found PCL_FEATURES: /usr/lib/aarch64-linux-gnu/libpcl_features.so  
[5.490s] -- Found PCL_ML: /usr/lib/aarch64-linux-gnu/libpcl_ml.so  
[5.491s] -- Found PCL_SEGMENTATION: /usr/lib/aarch64-linux-gnu/libpcl_segmentation.so  
[5.492s] -- Found PCL_VISUALIZATION: /usr/lib/aarch64-linux-gnu/libpcl_visualization.so  
[5.494s] -- Found PCL_SURFACE: /usr/lib/aarch64-linux-gnu/libpcl_surface.so  
[5.495s] -- Found PCL_REGISTRATION: /usr/lib/aarch64-linux-gnu/libpcl_registration.so  
[5.496s] -- Found PCL_KEYPOINTS: /usr/lib/aarch64-linux-gnu/libpcl_keypoints.so  
[5.497s] -- Found PCL_TRACKING: /usr/lib/aarch64-linux-gnu/libpcl_tracking.so  
[5.499s] -- Found PCL_RECOGNITION: /usr/lib/aarch64-linux-gnu/libpcl_recognition.so  
[5.500s] -- Found PCL_STEREO: /usr/lib/aarch64-linux-gnu/libpcl_stereo.so  
[5.502s] -- Found PCL_APPS: /usr/lib/aarch64-linux-gnu/libpcl_apps.so  
[5.503s] -- Found PCL_IN_HAND_SCANNER: /usr/include/pcl-1.12  
[5.503s] -- Found PCL_MODELER: /usr/include/pcl-1.12  
[5.504s] -- Found PCL_POINT_CLOUD_EDITOR: /usr/include/pcl-1.12  
[5.505s] -- Found PCL_OUTOFCORE: /usr/lib/aarch64-linux-gnu/libpcl_outofcore.so  
[5.506s] -- Found PCL_PEOPLE: /usr/lib/aarch64-linux-gnu/libpcl_people.so  
[5.513s] -- Found pcl_ros: 2.4.5 (/opt/ros/humble/share/pcl_ros/cmake)
[5.560s] -- Found eigen3_cmake_module: 0.1.1 (/opt/ros/humble/share/eigen3_cmake_module/cmake)
[5.562s] -- Found Eigen3: TRUE (found version "3.4.0") 
[5.562s] -- Ensuring Eigen3 include directory is part of orocos-kdl CMake target
[5.692s] -- Found ament_lint_auto: 0.12.12 (/opt/ros/humble/share/ament_lint_auto/cmake)
[5.855s] -- Added test 'copyright' to check source files copyright and LICENSE
[5.868s] -- Added test 'cppcheck' to perform static code analysis on C / C++ code
[5.869s] -- Configured cppcheck include dirs: 
[5.869s] -- Configured cppcheck exclude dirs and/or files: 
[5.879s] -- Added test 'cpplint' to check C / C++ code against the Google style
[5.880s] -- Configured cpplint exclude dirs and/or files: 
[5.885s] -- Added test 'lint_cmake' to check CMake code style
[5.897s] -- Added test 'uncrustify' to check C / C++ code style
[5.897s] -- Configured uncrustify additional arguments: 
[5.899s] -- Added test 'xmllint' to check XML markup files
[5.902s] -- Configuring done
[5.984s] -- Generating done
[6.004s] -- Build files have been written to: /home1/rs_ws/src/rs_to_velodyne/build/rs_to_velodyne
[6.049s] Invoked command in '/home1/rs_ws/src/rs_to_velodyne/build/rs_to_velodyne' returned '0': CMAKE_PREFIX_PATH=/opt/ros/humble /usr/bin/cmake /home1/rs_ws/src/rs_to_velodyne -DCMAKE_INSTALL_PREFIX=/home1/rs_ws/src/rs_to_velodyne/install/rs_to_velodyne
[6.053s] Invoking command in '/home1/rs_ws/src/rs_to_velodyne/build/rs_to_velodyne': CMAKE_PREFIX_PATH=/opt/ros/humble /usr/bin/cmake --build /home1/rs_ws/src/rs_to_velodyne/build/rs_to_velodyne -- -j12 -l12
[6.156s] [ 50%] [32mBuilding CXX object CMakeFiles/rs_to_velodyne.dir/src/rs_to_velodyne.cpp.o[0m
[23.562s] [01m[K/home1/rs_ws/src/rs_to_velodyne/src/rs_to_velodyne.cpp:31:22:[m[K [01;35m[Kwarning: [m[Kextra ‘[01m[K;[m[K’ [[01;35m[K-Wpedantic[m[K]
[23.562s]    31 |     PCL_ADD_INTENSITY[01;35m[K;[m[K
[23.563s]       |                      [01;35m[K^[m[K
[23.563s]       |                      [31m[K-[m[K
[23.563s] [01m[K/home1/rs_ws/src/rs_to_velodyne/src/rs_to_velodyne.cpp:45:22:[m[K [01;35m[Kwarning: [m[Kextra ‘[01m[K;[m[K’ [[01;35m[K-Wpedantic[m[K]
[23.563s]    45 |     PCL_ADD_INTENSITY[01;35m[K;[m[K
[23.564s]       |                      [01;35m[K^[m[K
[23.564s]       |                      [31m[K-[m[K
[23.564s] [01m[K/home1/rs_ws/src/rs_to_velodyne/src/rs_to_velodyne.cpp:60:22:[m[K [01;35m[Kwarning: [m[Kextra ‘[01m[K;[m[K’ [[01;35m[K-Wpedantic[m[K]
[23.564s]    60 |     PCL_ADD_INTENSITY[01;35m[K;[m[K
[23.564s]       |                      [01;35m[K^[m[K
[23.565s]       |                      [31m[K-[m[K
[23.565s] [01m[K/home1/rs_ws/src/rs_to_velodyne/src/rs_to_velodyne.cpp:[m[K In function ‘[01m[Kvoid rsHandler_XYZI(sensor_msgs::msg::PointCloud2)[m[K’:
[23.565s] [01m[K/home1/rs_ws/src/rs_to_velodyne/src/rs_to_velodyne.cpp:107:37:[m[K [01;35m[Kwarning: [m[Kcomparison of integer expressions of different signedness: ‘[01m[Kint[m[K’ and ‘[01m[Kstd::vector<pcl::PointXYZI, Eigen::aligned_allocator<pcl::PointXYZI> >::size_type[m[K’ {aka ‘[01m[Klong unsigned int[m[K’} [[01;35m[K-Wsign-compare[m[K]
[23.565s]   107 |     for (int point_id = 0; [01;35m[Kpoint_id < pc->points.size()[m[K; ++point_id) {
[23.566s]       |                            [01;35m[K~~~~~~~~~^~~~~~~~~~~~~~~~~~~[m[K
[23.566s] /home1/rs_ws/src/rs_to_velodyne/src/rs_to_velodyne.cpp: In instantiation of ‘[01m[Kbool has_nan(T) [with T = pcl::PointXYZI][m[K’:
[23.566s] [01m[K/home1/rs_ws/src/rs_to_velodyne/src/rs_to_velodyne.cpp:108:20:[m[K   required from here
[23.566s] [01m[K/home1/rs_ws/src/rs_to_velodyne/src/rs_to_velodyne.cpp:81:18:[m[K [01;31m[Kerror: [m[K‘[01m[Kpcl_isnan[m[K’ was not declared in this scope
[23.566s]    81 |     if ([01;31m[Kpcl_isnan(point.x)[m[K || pcl_isnan(point.y) || pcl_isnan(point.z)) {
[23.567s]       |         [01;31m[K~~~~~~~~~^~~~~~~~~[m[K
[23.567s] [01m[K/home1/rs_ws/src/rs_to_velodyne/src/rs_to_velodyne.cpp:81:40:[m[K [01;31m[Kerror: [m[K‘[01m[Kpcl_isnan[m[K’ was not declared in this scope, and no declarations were found by argument-dependent lookup at the point of instantiation [[01;31m[K-fpermissive[m[K]
[23.567s]    81 |     if (pcl_isnan(point.x) || [01;31m[Kpcl_isnan(point.y)[m[K || pcl_isnan(point.z)) {
[23.568s]       |                               [01;31m[K~~~~~~~~~^~~~~~~~~[m[K
[23.568s] [01m[K/home1/rs_ws/src/rs_to_velodyne/src/rs_to_velodyne.cpp:81:62:[m[K [01;31m[Kerror: [m[K‘[01m[Kpcl_isnan[m[K’ was not declared in this scope, and no declarations were found by argument-dependent lookup at the point of instantiation [[01;31m[K-fpermissive[m[K]
[23.568s]    81 |     if (pcl_isnan(point.x) || pcl_isnan(point.y) || [01;31m[Kpcl_isnan(point.z)[m[K) {
[23.568s]       |                                                     [01;31m[K~~~~~~~~~^~~~~~~~~[m[K
[23.568s] /home1/rs_ws/src/rs_to_velodyne/src/rs_to_velodyne.cpp: In instantiation of ‘[01m[Kvoid handle_pc_msg(const typename pcl::PointCloud<PointT>::Ptr&, const typename pcl::PointCloud<PointOutT>::Ptr&) [with T_in_p = RsPointXYZIRT; T_out_p = VelodynePointXYZIRT; typename pcl::PointCloud<PointT>::Ptr = std::shared_ptr<pcl::PointCloud<RsPointXYZIRT> >; typename pcl::PointCloud<PointOutT>::Ptr = std::shared_ptr<pcl::PointCloud<VelodynePointXYZIRT> >][m[K’:
[23.569s] [01m[K/home1/rs_ws/src/rs_to_velodyne/src/rs_to_velodyne.cpp:182:58:[m[K   required from here
[23.569s] [01m[K/home1/rs_ws/src/rs_to_velodyne/src/rs_to_velodyne.cpp:134:37:[m[K [01;35m[Kwarning: [m[Kcomparison of integer expressions of different signedness: ‘[01m[Kint[m[K’ and ‘[01m[Kstd::vector<RsPointXYZIRT, Eigen::aligned_allocator<RsPointXYZIRT> >::size_type[m[K’ {aka ‘[01m[Klong unsigned int[m[K’} [[01;35m[K-Wsign-compare[m[K]
[23.569s]   134 |     for (int point_id = 0; [01;35m[Kpoint_id < pc_in->points.size()[m[K; ++point_id) {
[23.569s]       |                            [01;35m[K~~~~~~~~~^~~~~~~~~~~~~~~~~~~~~~[m[K
[23.570s] /home1/rs_ws/src/rs_to_velodyne/src/rs_to_velodyne.cpp: In instantiation of ‘[01m[Kvoid add_ring(const typename pcl::PointCloud<PointT>::Ptr&, const typename pcl::PointCloud<PointOutT>::Ptr&) [with T_in_p = RsPointXYZIRT; T_out_p = VelodynePointXYZIRT; typename pcl::PointCloud<PointT>::Ptr = std::shared_ptr<pcl::PointCloud<RsPointXYZIRT> >; typename pcl::PointCloud<PointOutT>::Ptr = std::shared_ptr<pcl::PointCloud<VelodynePointXYZIRT> >][m[K’:
[23.570s] [01m[K/home1/rs_ws/src/rs_to_velodyne/src/rs_to_velodyne.cpp:183:53:[m[K   required from here
[23.570s] [01m[K/home1/rs_ws/src/rs_to_velodyne/src/rs_to_velodyne.cpp:155:37:[m[K [01;35m[Kwarning: [m[Kcomparison of integer expressions of different signedness: ‘[01m[Kint[m[K’ and ‘[01m[Kstd::vector<RsPointXYZIRT, Eigen::aligned_allocator<RsPointXYZIRT> >::size_type[m[K’ {aka ‘[01m[Klong unsigned int[m[K’} [[01;35m[K-Wsign-compare[m[K]
[23.570s]   155 |     for (int point_id = 0; [01;35m[Kpoint_id < pc_in->points.size()[m[K; ++point_id) {
[23.570s]       |                            [01;35m[K~~~~~~~~~^~~~~~~~~~~~~~~~~~~~~~[m[K
[23.571s] /home1/rs_ws/src/rs_to_velodyne/src/rs_to_velodyne.cpp: In instantiation of ‘[01m[Kvoid add_time(const typename pcl::PointCloud<PointT>::Ptr&, const typename pcl::PointCloud<PointOutT>::Ptr&) [with T_in_p = RsPointXYZIRT; T_out_p = VelodynePointXYZIRT; typename pcl::PointCloud<PointT>::Ptr = std::shared_ptr<pcl::PointCloud<RsPointXYZIRT> >; typename pcl::PointCloud<PointOutT>::Ptr = std::shared_ptr<pcl::PointCloud<VelodynePointXYZIRT> >][m[K’:
[23.571s] [01m[K/home1/rs_ws/src/rs_to_velodyne/src/rs_to_velodyne.cpp:184:53:[m[K   required from here
[23.571s] [01m[K/home1/rs_ws/src/rs_to_velodyne/src/rs_to_velodyne.cpp:168:37:[m[K [01;35m[Kwarning: [m[Kcomparison of integer expressions of different signedness: ‘[01m[Kint[m[K’ and ‘[01m[Kstd::vector<RsPointXYZIRT, Eigen::aligned_allocator<RsPointXYZIRT> >::size_type[m[K’ {aka ‘[01m[Klong unsigned int[m[K’} [[01;35m[K-Wsign-compare[m[K]
[23.572s]   168 |     for (int point_id = 0; [01;35m[Kpoint_id < pc_in->points.size()[m[K; ++point_id) {
[23.573s]       |                            [01;35m[K~~~~~~~~~^~~~~~~~~~~~~~~~~~~~~~[m[K
[23.573s] /home1/rs_ws/src/rs_to_velodyne/src/rs_to_velodyne.cpp: In instantiation of ‘[01m[Kvoid handle_pc_msg(const typename pcl::PointCloud<PointT>::Ptr&, const typename pcl::PointCloud<PointOutT>::Ptr&) [with T_in_p = RsPointXYZIRT; T_out_p = VelodynePointXYZIR; typename pcl::PointCloud<PointT>::Ptr = std::shared_ptr<pcl::PointCloud<RsPointXYZIRT> >; typename pcl::PointCloud<PointOutT>::Ptr = std::shared_ptr<pcl::PointCloud<VelodynePointXYZIR> >][m[K’:
[23.575s] [01m[K/home1/rs_ws/src/rs_to_velodyne/src/rs_to_velodyne.cpp:188:57:[m[K   required from here
[23.575s] [01m[K/home1/rs_ws/src/rs_to_velodyne/src/rs_to_velodyne.cpp:134:37:[m[K [01;35m[Kwarning: [m[Kcomparison of integer expressions of different signedness: ‘[01m[Kint[m[K’ and ‘[01m[Kstd::vector<RsPointXYZIRT, Eigen::aligned_allocator<RsPointXYZIRT> >::size_type[m[K’ {aka ‘[01m[Klong unsigned int[m[K’} [[01;35m[K-Wsign-compare[m[K]
[23.576s]   134 |     for (int point_id = 0; [01;35m[Kpoint_id < pc_in->points.size()[m[K; ++point_id) {
[23.576s]       |                            [01;35m[K~~~~~~~~~^~~~~~~~~~~~~~~~~~~~~~[m[K
[23.578s] /home1/rs_ws/src/rs_to_velodyne/src/rs_to_velodyne.cpp: In instantiation of ‘[01m[Kvoid add_ring(const typename pcl::PointCloud<PointT>::Ptr&, const typename pcl::PointCloud<PointOutT>::Ptr&) [with T_in_p = RsPointXYZIRT; T_out_p = VelodynePointXYZIR; typename pcl::PointCloud<PointT>::Ptr = std::shared_ptr<pcl::PointCloud<RsPointXYZIRT> >; typename pcl::PointCloud<PointOutT>::Ptr = std::shared_ptr<pcl::PointCloud<VelodynePointXYZIR> >][m[K’:
[23.579s] [01m[K/home1/rs_ws/src/rs_to_velodyne/src/rs_to_velodyne.cpp:189:52:[m[K   required from here
[23.580s] [01m[K/home1/rs_ws/src/rs_to_velodyne/src/rs_to_velodyne.cpp:155:37:[m[K [01;35m[Kwarning: [m[Kcomparison of integer expressions of different signedness: ‘[01m[Kint[m[K’ and ‘[01m[Kstd::vector<RsPointXYZIRT, Eigen::aligned_allocator<RsPointXYZIRT> >::size_type[m[K’ {aka ‘[01m[Klong unsigned int[m[K’} [[01;35m[K-Wsign-compare[m[K]
[23.581s]   155 |     for (int point_id = 0; [01;35m[Kpoint_id < pc_in->points.size()[m[K; ++point_id) {
[23.581s]       |                            [01;35m[K~~~~~~~~~^~~~~~~~~~~~~~~~~~~~~~[m[K
[23.582s] /home1/rs_ws/src/rs_to_velodyne/src/rs_to_velodyne.cpp: In instantiation of ‘[01m[Kvoid handle_pc_msg(const typename pcl::PointCloud<PointT>::Ptr&, const typename pcl::PointCloud<PointOutT>::Ptr&) [with T_in_p = RsPointXYZIRT; T_out_p = pcl::PointXYZI; typename pcl::PointCloud<PointT>::Ptr = std::shared_ptr<pcl::PointCloud<RsPointXYZIRT> >; typename pcl::PointCloud<PointOutT>::Ptr = std::shared_ptr<pcl::PointCloud<pcl::PointXYZI> >][m[K’:
[23.583s] [01m[K/home1/rs_ws/src/rs_to_velodyne/src/rs_to_velodyne.cpp:193:53:[m[K   required from here
[23.583s] [01m[K/home1/rs_ws/src/rs_to_velodyne/src/rs_to_velodyne.cpp:134:37:[m[K [01;35m[Kwarning: [m[Kcomparison of integer expressions of different signedness: ‘[01m[Kint[m[K’ and ‘[01m[Kstd::vector<RsPointXYZIRT, Eigen::aligned_allocator<RsPointXYZIRT> >::size_type[m[K’ {aka ‘[01m[Klong unsigned int[m[K’} [[01;35m[K-Wsign-compare[m[K]
[23.584s]   134 |     for (int point_id = 0; [01;35m[Kpoint_id < pc_in->points.size()[m[K; ++point_id) {
[23.584s]       |                            [01;35m[K~~~~~~~~~^~~~~~~~~~~~~~~~~~~~~~[m[K
[23.585s] /home1/rs_ws/src/rs_to_velodyne/src/rs_to_velodyne.cpp: In instantiation of ‘[01m[Kbool has_nan(T) [with T = RsPointXYZIRT][m[K’:
[23.585s] [01m[K/home1/rs_ws/src/rs_to_velodyne/src/rs_to_velodyne.cpp:135:20:[m[K   required from ‘[01m[Kvoid handle_pc_msg(const typename pcl::PointCloud<PointT>::Ptr&, const typename pcl::PointCloud<PointOutT>::Ptr&) [with T_in_p = RsPointXYZIRT; T_out_p = VelodynePointXYZIRT; typename pcl::PointCloud<PointT>::Ptr = std::shared_ptr<pcl::PointCloud<RsPointXYZIRT> >; typename pcl::PointCloud<PointOutT>::Ptr = std::shared_ptr<pcl::PointCloud<VelodynePointXYZIRT> >][m[K’
[23.586s] [01m[K/home1/rs_ws/src/rs_to_velodyne/src/rs_to_velodyne.cpp:182:58:[m[K   required from here
[23.586s] [01m[K/home1/rs_ws/src/rs_to_velodyne/src/rs_to_velodyne.cpp:81:18:[m[K [01;31m[Kerror: [m[K‘[01m[Kpcl_isnan[m[K’ was not declared in this scope
[23.586s]    81 |     if ([01;31m[Kpcl_isnan(point.x)[m[K || pcl_isnan(point.y) || pcl_isnan(point.z)) {
[23.587s]       |         [01;31m[K~~~~~~~~~^~~~~~~~~[m[K
[23.587s] [01m[K/home1/rs_ws/src/rs_to_velodyne/src/rs_to_velodyne.cpp:81:40:[m[K [01;31m[Kerror: [m[K‘[01m[Kpcl_isnan[m[K’ was not declared in this scope, and no declarations were found by argument-dependent lookup at the point of instantiation [[01;31m[K-fpermissive[m[K]
[23.588s]    81 |     if (pcl_isnan(point.x) || [01;31m[Kpcl_isnan(point.y)[m[K || pcl_isnan(point.z)) {
[23.588s]       |                               [01;31m[K~~~~~~~~~^~~~~~~~~[m[K
[23.589s] [01m[K/home1/rs_ws/src/rs_to_velodyne/src/rs_to_velodyne.cpp:81:62:[m[K [01;31m[Kerror: [m[K‘[01m[Kpcl_isnan[m[K’ was not declared in this scope, and no declarations were found by argument-dependent lookup at the point of instantiation [[01;31m[K-fpermissive[m[K]
[23.590s]    81 |     if (pcl_isnan(point.x) || pcl_isnan(point.y) || [01;31m[Kpcl_isnan(point.z)[m[K) {
[23.590s]       |                                                     [01;31m[K~~~~~~~~~^~~~~~~~~[m[K
[23.590s] [01m[K/home1/rs_ws/src/rs_to_velodyne/src/rs_to_velodyne.cpp:[m[K In function ‘[01m[Kbool has_nan(T) [with T = pcl::PointXYZI][m[K’:
[23.591s] [01m[K/home1/rs_ws/src/rs_to_velodyne/src/rs_to_velodyne.cpp:86:1:[m[K [01;35m[Kwarning: [m[Kcontrol reaches end of non-void function [[01;35m[K-Wreturn-type[m[K]
[23.591s]    86 | [01;35m[K}[m[K
[23.592s]       | [01;35m[K^[m[K
[23.593s] [01m[K/home1/rs_ws/src/rs_to_velodyne/src/rs_to_velodyne.cpp:[m[K In function ‘[01m[Kbool has_nan(T) [with T = RsPointXYZIRT][m[K’:
[23.595s] [01m[K/home1/rs_ws/src/rs_to_velodyne/src/rs_to_velodyne.cpp:86:1:[m[K [01;35m[Kwarning: [m[Kcontrol reaches end of non-void function [[01;35m[K-Wreturn-type[m[K]
[23.626s]    86 | [01;35m[K}[m[K
[23.627s]       | [01;35m[K^[m[K
[23.627s] gmake[2]: *** [CMakeFiles/rs_to_velodyne.dir/build.make:76：CMakeFiles/rs_to_velodyne.dir/src/rs_to_velodyne.cpp.o] 错误 1
[23.628s] gmake[1]: *** [CMakeFiles/Makefile2:137：CMakeFiles/rs_to_velodyne.dir/all] 错误 2
[23.629s] gmake: *** [Makefile:146：all] 错误 2
[23.630s] Invoked command in '/home1/rs_ws/src/rs_to_velodyne/build/rs_to_velodyne' returned '2': CMAKE_PREFIX_PATH=/opt/ros/humble /usr/bin/cmake --build /home1/rs_ws/src/rs_to_velodyne/build/rs_to_velodyne -- -j12 -l12
