[0.216s] [34mcolcon[0m [1;30mDEBUG[0m [32mCommand line arguments: ['/usr/bin/colcon', 'build'][0m
[0.216s] [34mcolcon[0m [1;30mDEBUG[0m [32mParsed command line arguments: Namespace(log_base=None, log_level=None, verb_name='build', build_base='build', install_base='install', merge_install=False, symlink_install=False, test_result_base=None, continue_on_error=False, executor='parallel', parallel_workers=12, event_handlers=None, ignore_user_meta=False, metas=['./colcon.meta'], base_paths=['.'], packages_ignore=None, packages_ignore_regex=None, paths=None, packages_up_to=None, packages_up_to_regex=None, packages_above=None, packages_above_and_dependencies=None, packages_above_depth=None, packages_select_by_dep=None, packages_skip_by_dep=None, packages_skip_up_to=None, packages_select_build_failed=False, packages_skip_build_finished=False, packages_select_test_failures=False, packages_skip_test_passed=False, packages_select=None, packages_skip=None, packages_select_regex=None, packages_skip_regex=None, packages_start=None, packages_end=None, allow_overriding=[], cmake_args=None, cmake_target=None, cmake_target_skip_unavailable=False, cmake_clean_cache=False, cmake_clean_first=False, cmake_force_configure=False, ament_cmake_args=None, catkin_cmake_args=None, catkin_skip_building_tests=False, mixin_files=None, mixin=None, verb_parser=<colcon_mixin.mixin.mixin_argument.MixinArgumentDecorator object at 0xffff88514610>, verb_extension=<colcon_core.verb.build.BuildVerb object at 0xffff883ec850>, main=<bound method BuildVerb.main of <colcon_core.verb.build.BuildVerb object at 0xffff883ec850>>, mixin_verb=('build',))[0m
[0.278s] [34mcolcon.colcon_core.package_discovery[0m [1;30mLevel 1[0m discover_packages(colcon_meta) check parameters
[0.279s] [34mcolcon.colcon_core.package_discovery[0m [1;30mLevel 1[0m discover_packages(recursive) check parameters
[0.279s] [34mcolcon.colcon_core.package_discovery[0m [1;30mLevel 1[0m discover_packages(ignore) check parameters
[0.279s] [34mcolcon.colcon_core.package_discovery[0m [1;30mLevel 1[0m discover_packages(path) check parameters
[0.279s] [34mcolcon.colcon_core.package_discovery[0m [1;30mLevel 1[0m discover_packages(colcon_meta) discover
[0.279s] [34mcolcon.colcon_core.package_discovery[0m [1;30mLevel 1[0m discover_packages(recursive) discover
[0.279s] [34mcolcon.colcon_core.package_discovery[0m [1;30mINFO[0m Crawling recursively for packages in '/home1/rs_ws/src/rs_to_velodyne'
[0.279s] [34mcolcon.colcon_core.package_identification[0m [1;30mLevel 1[0m _identify(.) by extensions ['ignore', 'ignore_ament_install']
[0.280s] [34mcolcon.colcon_core.package_identification[0m [1;30mLevel 1[0m _identify(.) by extension 'ignore'
[0.280s] [34mcolcon.colcon_core.package_identification[0m [1;30mLevel 1[0m _identify(.) by extension 'ignore_ament_install'
[0.280s] [34mcolcon.colcon_core.package_identification[0m [1;30mLevel 1[0m _identify(.) by extensions ['colcon_pkg']
[0.280s] [34mcolcon.colcon_core.package_identification[0m [1;30mLevel 1[0m _identify(.) by extension 'colcon_pkg'
[0.280s] [34mcolcon.colcon_core.package_identification[0m [1;30mLevel 1[0m _identify(.) by extensions ['colcon_meta']
[0.280s] [34mcolcon.colcon_core.package_identification[0m [1;30mLevel 1[0m _identify(.) by extension 'colcon_meta'
[0.280s] [34mcolcon.colcon_core.package_identification[0m [1;30mLevel 1[0m _identify(.) by extensions ['ros']
[0.280s] [34mcolcon.colcon_core.package_identification[0m [1;30mLevel 1[0m _identify(.) by extension 'ros'
[0.308s] [34mcolcon.colcon_core.package_identification[0m [1;30mDEBUG[0m [32mPackage '.' with type 'ros.ament_cmake' and name 'rs_to_velodyne'[0m
[0.309s] [34mcolcon.colcon_core.package_discovery[0m [1;30mLevel 1[0m discover_packages(recursive) using defaults
[0.309s] [34mcolcon.colcon_core.package_discovery[0m [1;30mLevel 1[0m discover_packages(ignore) discover
[0.309s] [34mcolcon.colcon_core.package_discovery[0m [1;30mLevel 1[0m discover_packages(ignore) using defaults
[0.309s] [34mcolcon.colcon_core.package_discovery[0m [1;30mLevel 1[0m discover_packages(path) discover
[0.309s] [34mcolcon.colcon_core.package_discovery[0m [1;30mLevel 1[0m discover_packages(path) using defaults
[0.337s] [34mcolcon.colcon_core.package_discovery[0m [1;30mLevel 1[0m discover_packages(prefix_path) check parameters
[0.337s] [34mcolcon.colcon_core.package_discovery[0m [1;30mLevel 1[0m discover_packages(prefix_path) discover
[0.341s] [34mcolcon.colcon_installed_package_information.package_discovery[0m [1;30mDEBUG[0m [32mFound 352 installed packages in /opt/ros/humble[0m
[0.345s] [34mcolcon.colcon_core.package_discovery[0m [1;30mLevel 1[0m discover_packages(prefix_path) using defaults
[0.409s] [34mcolcon.colcon_core.verb[0m [1;30mLevel 5[0m set package 'rs_to_velodyne' build argument 'cmake_args' from command line to 'None'
[0.409s] [34mcolcon.colcon_core.verb[0m [1;30mLevel 5[0m set package 'rs_to_velodyne' build argument 'cmake_target' from command line to 'None'
[0.409s] [34mcolcon.colcon_core.verb[0m [1;30mLevel 5[0m set package 'rs_to_velodyne' build argument 'cmake_target_skip_unavailable' from command line to 'False'
[0.409s] [34mcolcon.colcon_core.verb[0m [1;30mLevel 5[0m set package 'rs_to_velodyne' build argument 'cmake_clean_cache' from command line to 'False'
[0.409s] [34mcolcon.colcon_core.verb[0m [1;30mLevel 5[0m set package 'rs_to_velodyne' build argument 'cmake_clean_first' from command line to 'False'
[0.409s] [34mcolcon.colcon_core.verb[0m [1;30mLevel 5[0m set package 'rs_to_velodyne' build argument 'cmake_force_configure' from command line to 'False'
[0.409s] [34mcolcon.colcon_core.verb[0m [1;30mLevel 5[0m set package 'rs_to_velodyne' build argument 'ament_cmake_args' from command line to 'None'
[0.409s] [34mcolcon.colcon_core.verb[0m [1;30mLevel 5[0m set package 'rs_to_velodyne' build argument 'catkin_cmake_args' from command line to 'None'
[0.409s] [34mcolcon.colcon_core.verb[0m [1;30mLevel 5[0m set package 'rs_to_velodyne' build argument 'catkin_skip_building_tests' from command line to 'False'
[0.409s] [34mcolcon.colcon_core.verb[0m [1;30mDEBUG[0m [32mBuilding package 'rs_to_velodyne' with the following arguments: {'ament_cmake_args': None, 'build_base': '/home1/rs_ws/src/rs_to_velodyne/build/rs_to_velodyne', 'catkin_cmake_args': None, 'catkin_skip_building_tests': False, 'cmake_args': None, 'cmake_clean_cache': False, 'cmake_clean_first': False, 'cmake_force_configure': False, 'cmake_target': None, 'cmake_target_skip_unavailable': False, 'install_base': '/home1/rs_ws/src/rs_to_velodyne/install/rs_to_velodyne', 'merge_install': False, 'path': '/home1/rs_ws/src/rs_to_velodyne', 'symlink_install': False, 'test_result_base': None}[0m
[0.410s] [34mcolcon.colcon_core.executor[0m [1;30mINFO[0m Executing jobs using 'parallel' executor
[0.412s] [34mcolcon.colcon_parallel_executor.executor.parallel[0m [1;30mDEBUG[0m [32mrun_until_complete[0m
[0.413s] [34mcolcon.colcon_ros.task.ament_cmake.build[0m [1;30mINFO[0m Building ROS package in '/home1/rs_ws/src/rs_to_velodyne' with build type 'ament_cmake'
[0.413s] [34mcolcon.colcon_cmake.task.cmake.build[0m [1;30mINFO[0m Building CMake package in '/home1/rs_ws/src/rs_to_velodyne'
[0.416s] [34mcolcon.colcon_core.plugin_system[0m [1;30mINFO[0m Skipping extension 'colcon_core.shell.bat': Not used on non-Windows systems
[0.417s] [34mcolcon.colcon_core.shell[0m [1;30mINFO[0m Skip shell extension 'powershell' for command environment: Not usable outside of PowerShell
[0.417s] [34mcolcon.colcon_core.shell[0m [1;30mDEBUG[0m [32mSkip shell extension 'dsv' for command environment[0m
[0.435s] [34mcolcon.colcon_core.event_handler.log_command[0m [1;30mDEBUG[0m [32mInvoking command in '/home1/rs_ws/src/rs_to_velodyne/build/rs_to_velodyne': CMAKE_PREFIX_PATH=/opt/ros/humble /usr/bin/cmake --build /home1/rs_ws/src/rs_to_velodyne/build/rs_to_velodyne -- -j12 -l12[0m
[17.658s] [34mcolcon.colcon_core.event_handler.log_command[0m [1;30mDEBUG[0m [32mInvoked command in '/home1/rs_ws/src/rs_to_velodyne/build/rs_to_velodyne' returned '2': CMAKE_PREFIX_PATH=/opt/ros/humble /usr/bin/cmake --build /home1/rs_ws/src/rs_to_velodyne/build/rs_to_velodyne -- -j12 -l12[0m
[17.660s] [34mcolcon.colcon_core.environment[0m [1;30mLevel 1[0m create_environment_scripts_only(rs_to_velodyne)
[17.666s] [34mcolcon.colcon_core.environment[0m [1;30mLevel 1[0m checking '/home1/rs_ws/src/rs_to_velodyne/install/rs_to_velodyne' for CMake module files
[17.667s] [34mcolcon.colcon_core.environment[0m [1;30mLevel 1[0m checking '/home1/rs_ws/src/rs_to_velodyne/install/rs_to_velodyne' for CMake config files
[17.669s] [34mcolcon.colcon_core.environment[0m [1;30mLevel 1[0m checking '/home1/rs_ws/src/rs_to_velodyne/install/rs_to_velodyne/bin'
[17.669s] [34mcolcon.colcon_core.environment[0m [1;30mLevel 1[0m checking '/home1/rs_ws/src/rs_to_velodyne/install/rs_to_velodyne/lib/pkgconfig/rs_to_velodyne.pc'
[17.670s] [34mcolcon.colcon_core.environment[0m [1;30mLevel 1[0m checking '/home1/rs_ws/src/rs_to_velodyne/install/rs_to_velodyne/lib/python3.10/site-packages'
[17.670s] [34mcolcon.colcon_core.environment[0m [1;30mLevel 1[0m checking '/home1/rs_ws/src/rs_to_velodyne/install/rs_to_velodyne/bin'
[17.671s] [34mcolcon.colcon_core.shell[0m [1;30mINFO[0m Creating package script '/home1/rs_ws/src/rs_to_velodyne/install/rs_to_velodyne/share/rs_to_velodyne/package.ps1'
[17.674s] [34mcolcon.colcon_core.shell[0m [1;30mINFO[0m Creating package descriptor '/home1/rs_ws/src/rs_to_velodyne/install/rs_to_velodyne/share/rs_to_velodyne/package.dsv'
[17.675s] [34mcolcon.colcon_core.shell[0m [1;30mINFO[0m Creating package script '/home1/rs_ws/src/rs_to_velodyne/install/rs_to_velodyne/share/rs_to_velodyne/package.sh'
[17.678s] [34mcolcon.colcon_core.shell[0m [1;30mINFO[0m Creating package script '/home1/rs_ws/src/rs_to_velodyne/install/rs_to_velodyne/share/rs_to_velodyne/package.bash'
[17.680s] [34mcolcon.colcon_core.shell[0m [1;30mINFO[0m Creating package script '/home1/rs_ws/src/rs_to_velodyne/install/rs_to_velodyne/share/rs_to_velodyne/package.zsh'
[17.682s] [34mcolcon.colcon_core.environment[0m [1;30mLevel 1[0m create_file_with_runtime_dependencies(/home1/rs_ws/src/rs_to_velodyne/install/rs_to_velodyne/share/colcon-core/packages/rs_to_velodyne)
[17.693s] [34mcolcon.colcon_parallel_executor.executor.parallel[0m [1;30mDEBUG[0m [32mclosing loop[0m
[17.694s] [34mcolcon.colcon_parallel_executor.executor.parallel[0m [1;30mDEBUG[0m [32mloop closed[0m
[17.694s] [34mcolcon.colcon_parallel_executor.executor.parallel[0m [1;30mDEBUG[0m [32mrun_until_complete finished with '2'[0m
[17.694s] [34mcolcon.colcon_core.event_reactor[0m [1;30mDEBUG[0m [32mjoining thread[0m
[17.741s] [34mcolcon.colcon_core.plugin_system[0m [1;30mINFO[0m Skipping extension 'colcon_notification.desktop_notification.terminal_notifier': Not used on non-Darwin systems
[17.741s] [34mcolcon.colcon_core.plugin_system[0m [1;30mINFO[0m Skipping extension 'colcon_notification.desktop_notification.win32': Not used on non-Windows systems
[17.741s] [34mcolcon.colcon_notification.desktop_notification[0m [1;30mINFO[0m Sending desktop notification using 'notify2'
[17.780s] [34mcolcon.colcon_core.event_reactor[0m [1;30mDEBUG[0m [32mjoined thread[0m
[17.781s] [34mcolcon.colcon_core.shell[0m [1;30mINFO[0m Creating prefix script '/home1/rs_ws/src/rs_to_velodyne/install/local_setup.ps1'
[17.784s] [34mcolcon.colcon_core.shell[0m [1;30mINFO[0m Creating prefix util module '/home1/rs_ws/src/rs_to_velodyne/install/_local_setup_util_ps1.py'
[17.790s] [34mcolcon.colcon_core.shell[0m [1;30mINFO[0m Creating prefix chain script '/home1/rs_ws/src/rs_to_velodyne/install/setup.ps1'
[17.793s] [34mcolcon.colcon_core.shell[0m [1;30mINFO[0m Creating prefix script '/home1/rs_ws/src/rs_to_velodyne/install/local_setup.sh'
[17.796s] [34mcolcon.colcon_core.shell[0m [1;30mINFO[0m Creating prefix util module '/home1/rs_ws/src/rs_to_velodyne/install/_local_setup_util_sh.py'
[17.798s] [34mcolcon.colcon_core.shell[0m [1;30mINFO[0m Creating prefix chain script '/home1/rs_ws/src/rs_to_velodyne/install/setup.sh'
[17.802s] [34mcolcon.colcon_core.shell[0m [1;30mINFO[0m Creating prefix script '/home1/rs_ws/src/rs_to_velodyne/install/local_setup.bash'
[17.804s] [34mcolcon.colcon_core.shell[0m [1;30mINFO[0m Creating prefix chain script '/home1/rs_ws/src/rs_to_velodyne/install/setup.bash'
[17.807s] [34mcolcon.colcon_core.shell[0m [1;30mINFO[0m Creating prefix script '/home1/rs_ws/src/rs_to_velodyne/install/local_setup.zsh'
[17.809s] [34mcolcon.colcon_core.shell[0m [1;30mINFO[0m Creating prefix chain script '/home1/rs_ws/src/rs_to_velodyne/install/setup.zsh'
